<?xml version="1.0" encoding="UTF-8"?>
<!-- Generated by org.testng.reporters.JUnitReportReporter -->
<testsuite hostname="DESKTOP-Q5TRK1C" failures="0" tests="2" name="Scenario1.ReadFromExcel" time="0.014" errors="0" timestamp="2024-09-05T02:57:27 IST" skipped="1">
  <testcase classname="Scenario1.ReadFromExcel" name="ReadAllData" time="0.014"/>
  <testcase classname="Scenario1.ReadFromExcel" name="ReadData">
    <skipped/>
  </testcase> <!-- ReadData -->
</testsuite> <!-- Scenario1.ReadFromExcel -->
