<?xml version="1.0" encoding="UTF-8"?>
<!-- Generated by org.testng.reporters.JUnitReportReporter -->
<testsuite hostname="DESKTOP-Q5TRK1C" failures="0" tests="3" name="scenario2Test.LoginPageTest" time="1.845" errors="0" timestamp="2024-09-05T13:28:18 IST" skipped="0">
  <testcase classname="scenario2Test.LoginPageTest" name="verifyTitle" time="0.034">
    <system-out>
      <![CDATA[Title match!]]>
    </system-out>
  </testcase> <!-- verifyTitle -->
  <testcase classname="scenario2Test.LoginPageTest" name="verifyLogin" time="1.791"/>
  <testcase classname="scenario2Test.LoginPageTest" name="verifyCurrentUrl" time="0.020">
    <system-out>
      <![CDATA[Title is: https://opensource-demo.orangehrmlive.com/web/index.php/dashboard/index]]>
    </system-out>
  </testcase> <!-- verifyCurrentUrl -->
  <system-out>
    <![CDATA[Title match!
Title is: https://opensource-demo.orangehrmlive.com/web/index.php/dashboard/index]]>
  </system-out>
</testsuite> <!-- scenario2Test.LoginPageTest -->
