<?xml version="1.0" encoding="UTF-8"?>
<!-- Generated by org.testng.reporters.JUnitReportReporter -->
<testsuite hostname="DESKTOP-Q5TRK1C" failures="0" tests="4" name="scenario2Test.AdminPageTest" time="15.619" errors="0" timestamp="2024-09-05T00:23:15 IST" skipped="0">
  <testcase classname="scenario2Test.AdminPageTest" name="getAllMenu" time="1.770">
    <system-out>
      <![CDATA[Total menu options are: 12
Admin
PIM
Leave
Time
Recruitment
My Info
Performance
Dashboard
Directory
Maintenance
Claim
Buzz]]>
    </system-out>
  </testcase> <!-- getAllMenu -->
  <testcase classname="scenario2Test.AdminPageTest" name="VerifySearchWithUsername" time="6.605">
    <system-out>
      <![CDATA[(1) Record Found]]>
    </system-out>
  </testcase> <!-- VerifySearchWithUsername -->
  <testcase classname="scenario2Test.AdminPageTest" name="VerifySerchWithUserRole" time="2.638">
    <system-out>
      <![CDATA[Search Employee by UserRole
(1) Record Found]]>
    </system-out>
  </testcase> <!-- VerifySerchWithUserRole -->
  <testcase classname="scenario2Test.AdminPageTest" name="VerifySerchWithUserStatus" time="4.606">
    <system-out>
      <![CDATA[Search Employee by Status
(6) Records Found]]>
    </system-out>
  </testcase> <!-- VerifySerchWithUserStatus -->
  <system-out>
    <![CDATA[Total menu options are: 12
Admin
PIM
Leave
Time
Recruitment
My Info
Performance
Dashboard
Directory
Maintenance
Claim
Buzz
(1) Record Found
Search Employee by UserRole
(1) Record Found
Search Employee by Status
(6) Records Found]]>
  </system-out>
</testsuite> <!-- scenario2Test.AdminPageTest -->
